001000111
001000110
001000110
001001110
001000010
010101011
010111011
010100011
010101111
010101011
111011001
111010001
110010001
111000001
111010001
011010001
011010101
001010101
011010111
011010101
111001100
111001100
111001110
101001100
111001100
111001101
111001100
111011100
111001100
111101100
111011101
110011101
111011001
111011101
111011101
001010101
011010100
011010101
011010100
011010101
011010100
011000100
011000100
011000110
011010100
111001100
111001100
111001000
111001100
111011100
111011000
101011000
111011000
111011100
111001000
111010101
111111101
111010101
111011101
111011101
011011011
011010011
011110011
011010011
011010011
111011001
111010000
111111000
111011000
111011000
010010100
010010100
010010000
010010100
010010100
111000001
101000001
101000001
101000001
101000001
001101000
001101000
001100000
001101000
001101010
110101001
110101001
110101001
100101001
110101001
111011100
111110100
111010101
111010100
111010100
110000011
110010011
110010011
110010011
110010011
010000011
010000011
010000010
010000011
010000011
111010010
111011010
111010011
111010011
111010010
111011111
111001101
110011101
111011101
111011101
111100001
111100001
110100001
111100001
111100001
111011000
111011010
111011000
111011000
111011000
111001101
111011100
111011100
111001100
111001100
011111100
011011100
011011101
011001100
011011100
111011110
111111110
111011110
111011110
101011110
011001101
011001101
011001001
011001001
011001111
011010001
011010001
011010011
011010010
011010011
010001111
010001110
010001111
010001111
010001111
110000100
110000110
110000100
110000110
110000000
111001000
111001001
110001001
101001001
111001001
011001100
011000000
010001000
011001000
011001000
111010010
111010010
111010010
111010010
111010010
011010011
011010011
011000011
001010011
010010011
011001111
011001101
011001001
001001101
011001101
111011111
111001111
101001111
101001111
111001111
111001111
111101111
111001101
111001111
101001111
111001100
101001100
111001110
111001101
111001100
001000100
011000101
011100100
011000100
011000100
001010011
011010011
011110011
011010011
011010011
010010010
010010110
010010010
010010011
010010110
010001101
010000101
010100101
010000101
011000101
111011000
110011000
111011010
101011000
111011000
111101111
111101111
111100111
111100111
111100111
001011001
011011000
011011101
011011001
011011001
010000001
010000101
010000100
010001101
010000101
010010100
010010100
010010110
010010100
010010100
010011001
010011001
011011001
011011001
010011001
111011101
111011101
111011100
111111101
111011101
011101101
011101100
011101100
011101100
011101100
011100111
011100011
011110011
011100001
011100011
010011101
010011101
000011101
010011100
010011101
101001010
101001111
101001100
101001110
101001110
101100111
101101101
101000101
101100101
101100101
110110001
110110001
100110001
110110000
111110001
010001100
010001100
010001110
011001100
010001100
010000010
010000011
010100011
010000011
010000011
111010011
110010010
101010010
111010010
111010010
011010011
011010011
001010011
011010011
010010011
001001101
011001101
010001101
011001101
011001100
010010000
011010000
011000000
011010000
011010000
011010100
011010111
011010110
011010010
011010110
010001101
010001111
010001111
010001111
010001111
010000100
010000101
010100101
010001101
010000101
111011000
111011001
111011000
111011000
111011000
110010011
110010001
111010011
110010011
100010011
101010111
101110011
101010011
101010011
101010011
101100110
100100110
111100110
101100110
101100110
110100000
110100000
110100000
110100000
110000000
111011000
111111000
111011010
101011000
111011000
010110101
010110001
010110101
010010101
010110100
110000001
110000001
110000001
110000001
110001001
101101111
101101111
111101111
101111111
101101111
101100110
100100110
101100010
101100110
101100110
101001110
101001110
101001110
101001110
101001110
001101101
001101101
011101101
001101101
001101101
010101110
010101110
010101110
010101010
010101110
111001111
111001011
111001111
111000111
111001111
111010010
110010010
111000010
111010011
111010010
111100101
111000101
111001101
111000001
111000101
011010011
011010111
011010011
011010001
001010011
111011110
111011110
101011110
111011110
111011100
111010011
110011011
101011011
111011011
111011011
010001111
010001111
010001111
010001110
010000111
110010000
110010000
110110000
110010000
110010000
011011111
011010111
011011111
011011111
010011111
101100001
111100001
110100001
111100001
110100001
010110010
010010010
010010011
010011010
010010010
110101101
110001101
110001101
110001101
100001101
011001110
011001110
011001110
011001110
011001010
111001010
111011010
111101010
111000010
111001010
011010100
011010101
011010101
011010101
011010101
010101100
000001100
000001100
010001100
010001100
110000001
110000001
100000001
110100001
110001001
110000001
110000101
110000011
110000001
111000001
010001110
010101100
010001100
010001100
010101100
011001110
011001110
011001110
011001100
011001110
111000001
111010001
111010001
111000001
111000001
111100001
111100001
111100001
111100000
111100101
011011011
011011001
010011001
011011001
011011001
011010111
011010001
001010101
011010101
011010101
111010111
111010111
111000111
101010111
111010110
111010111
111010110
111010111
111000111
111010101
111011101
111001101
111011101
111011100
111011101
110101101
110101101
110101111
110001111
110101111
010100111
010100111
010100111
010110111
010100111
101010100
110010100
111010101
111010100
111010100
011000110
011001110
011001110
010001110
011001110
111101010
111000010
111001010
111001010
111001011
011010111
011010001
011010101
010010101
011010101
110001010
110011010
110011010
110011010
110001010
010010011
010010001
010010001
010010001
010010001
111010110
111010000
111010010
111000010
111010010
011011100
011011110
011011100
011011100
011011101
