28.80
15.60
27.60
11.20
2.00
10.80
17.20
23.20
20.00
22.00
17.60
24.40
22.00
16.80
22.80
19.20
25.20
18.80
21.60
24.40
-11.20
24.00
4.80
34.00
12.00
0.80
38.80
5.60
38.40
7.60
32.80
8.40
38.40
3.60
36.40
8.00
4.80
35.20
5.20
34.40
10.00
30.00
12.00
28.80
13.20
26.40
12.40
33.20
-20.40
60.80
-14.80
61.20
-20.80
33.60
12.80
27.60
20.40
26.00
18.40
-0.00
12.80
14.80
28.40
-15.60
55.20
-10.80
50.80
-8.80
50.00
-5.60
18.40
22.00
24.00
-11.20
51.60
-22.80
44.80
-22.80
63.60
-20.40
64.00
-20.00
38.40
-25.60
56.40
-17.60
61.60
-21.60
60.40
-14.80
58.00
-13.60
26.40
18.40
26.00
19.60
-6.80
50.40
-11.60
53.60
-10.40
23.20
15.60
-2.80
46.00
-6.80
51.20
-5.60
46.80
-2.80
44.80
-0.80
45.20
-19.60
60.80
-17.20
56.00
-14.00
57.20
-38.80
78.40
-34.00
77.60
-40.80
