2.30 2.28
1.81 2.35
0.79 2.86
0.98 1.71
1.17 0.62
2.90 0.36
1.74 2.35
0.57 1.35
2.80 0.42
2.88 2.22
2.50 2.50
0.05 1.45
0.09 1.38
0.17 0.64
1.10 0.93
0.21 0.03
2.50 2.28
2.14 2.92
2.62 2.83
1.52 1.09
2.40 1.29
0.73 0.31
1.78 1.97
0.60 1.20
2.07 2.08
0.78 0.16
1.52 2.61
0.21 2.93
2.94 1.24
2.16 2.53
2.67 1.69
1.52 2.92
1.74 1.20
1.82 0.52
1.52 1.16
0.59 1.44
1.08 1.02
0.01 1.43
0.94 0.46
0.72 2.47
1.92 1.48
1.09 0.22
1.02 1.74
1.73 0.01
0.49 0.02
1.47 2.38
2.88 0.91
1.36 1.72
2.32 2.66
2.39 1.59
2.18 2.78
0.55 0.27
0.63 0.90
0.48 2.44
0.23 0.27
2.94 2.83
1.30 0.00
0.91 2.42
1.20 1.41
2.01 1.44
0.60 0.21
0.37 0.17
2.42 0.93
2.92 2.08
0.13 0.70
1.08 2.40
1.25 0.13
2.86 0.91
1.43 1.77
2.62 0.22
0.93 0.31
1.31 2.70
1.93 2.30
2.90 0.90
0.39 0.40
0.48 1.65
2.38 2.58
2.49 0.63
2.35 1.07
1.07 2.46
2.73 1.23
2.16 1.85
1.84 2.18
0.02 1.46
0.74 2.60
2.00 1.14
0.65 1.74
1.20 1.26
1.81 2.31
0.03 0.33
1.21 1.78
1.64 2.39
2.87 0.95
2.67 2.40
0.52 2.18
2.62 0.32
1.63 1.21
0.72 0.73
1.87 2.45
2.28 0.52
